2021-10-27 16:02:25,457 [Worker-3: Loading available Gradle versions] INFO  o.e.b.c.i.u.g.PublishedGradleVersions - Gradle version information cache is not available. Remote download required.
2021-10-27 17:46:35,955 [Worker-6: Creating project "com.learninng"] INFO  o.e.m.c.i.l.LifecycleMappingFactory - Using org.eclipse.m2e.jdt.JarLifecycleMapping lifecycle mapping for MavenProject: com.learning:com.learninng:0.0.1-SNAPSHOT @ /Users/rgq5943/Desktop/Raghav-root/workspace/eclipse/com.learninng/pom.xml.
2021-10-27 17:46:36,129 [Worker-6: Creating project "com.learninng"] INFO  o.e.m.j.i.AbstractJavaProjectConfigurator - Adding source folder /com.learninng/src/main/java
2021-10-27 17:46:36,131 [Worker-6: Creating project "com.learninng"] INFO  o.e.m.j.i.AbstractJavaProjectConfigurator - Adding resource folder /com.learninng/src/main/resources
2021-10-27 17:46:36,131 [Worker-6: Creating project "com.learninng"] INFO  o.e.m.j.i.AbstractJavaProjectConfigurator - Adding source folder /com.learninng/src/test/java
2021-10-27 17:46:36,131 [Worker-6: Creating project "com.learninng"] INFO  o.e.m.j.i.AbstractJavaProjectConfigurator - Adding resource folder /com.learninng/src/test/resources
2021-10-27 17:46:36,430 [Worker-18: Building] WARN  o.e.m.c.i.embedder.EclipseLogger - Using platform encoding (UTF-8 actually) to copy filtered resources, i.e. build is platform dependent!
2021-10-27 17:46:36,438 [Worker-18: Building] INFO  o.e.m.c.i.embedder.EclipseLogger - Copying 0 resource
2021-10-27 17:46:36,440 [Worker-18: Building] WARN  o.e.m.c.i.embedder.EclipseLogger - Using platform encoding (UTF-8 actually) to copy filtered resources, i.e. build is platform dependent!
2021-10-27 17:46:36,441 [Worker-18: Building] INFO  o.e.m.c.i.embedder.EclipseLogger - Copying 0 resource
2021-10-28 10:20:11,628 [Worker-2: Loading available Gradle versions] INFO  o.e.b.c.i.u.g.PublishedGradleVersions - Gradle version information cache is up-to-date. Trying to read.
2021-10-29 10:48:21,165 [Worker-6: Loading available Gradle versions] INFO  o.e.b.c.i.u.g.PublishedGradleVersions - Gradle version information cache is out-of-date. Trying to update.
2021-10-29 10:50:44,537 [ModalContext] INFO  o.e.m.c.i.e.AbstractTransferListenerAdapter - Downloading https://repo.maven.apache.org/maven2/org/apache/maven/archetypes/maven-archetype-quickstart/1.1/maven-archetype-quickstart-1.1.jar
2021-10-29 10:50:44,831 [ModalContext] INFO  o.e.m.c.i.e.AbstractTransferListenerAdapter - Downloaded https://repo.maven.apache.org/maven2/org/apache/maven/archetypes/maven-archetype-quickstart/1.1/maven-archetype-quickstart-1.1.jar
2021-10-29 10:50:44,987 [ModalContext] INFO  o.e.m.c.i.e.AbstractTransferListenerAdapter - Downloading https://repo.maven.apache.org/maven2/org/apache/maven/archetypes/maven-archetype-quickstart/1.1/maven-archetype-quickstart-1.1.pom
2021-10-29 10:50:45,144 [ModalContext] INFO  o.e.m.c.i.e.AbstractTransferListenerAdapter - Downloaded https://repo.maven.apache.org/maven2/org/apache/maven/archetypes/maven-archetype-quickstart/1.1/maven-archetype-quickstart-1.1.pom
2021-10-29 10:51:40,597 [Worker-23: Creating maven-archetype-quickstart] INFO  o.e.m.c.i.p.ProjectConfigurationManager - Collecting project info '/pom.xml' /Users/rgq5943/Desktop/Raghav-root/workspace/eclipse/SpringAOP/pom.xml
2021-10-29 10:51:41,382 [Worker-23: Creating maven-archetype-quickstart] INFO  o.e.m.c.i.l.LifecycleMappingFactory - Using org.eclipse.m2e.jdt.JarLifecycleMapping lifecycle mapping for MavenProject: com.rgv:SpringAOP:0.0.1-SNAPSHOT @ /Users/rgq5943/Desktop/Raghav-root/workspace/eclipse/SpringAOP/pom.xml.
2021-10-29 10:51:41,588 [Worker-23: Creating maven-archetype-quickstart] INFO  o.e.m.j.i.AbstractJavaProjectConfigurator - Adding source folder /SpringAOP/src/main/java
2021-10-29 10:51:41,590 [Worker-23: Creating maven-archetype-quickstart] INFO  o.e.m.j.i.AbstractJavaProjectConfigurator - Adding source folder /SpringAOP/src/test/java
2021-10-29 10:51:41,645 [Worker-23: Creating maven-archetype-quickstart] INFO  o.e.m.c.i.p.ProjectConfigurationManager - Imported and configured 1 project(s) in 1 sec
2021-10-29 10:51:42,034 [Worker-23: Building] INFO  o.e.m.c.i.embedder.EclipseLogger - Using 'UTF-8' encoding to copy filtered resources.
2021-10-29 10:51:42,034 [Worker-23: Building] INFO  o.e.m.c.i.embedder.EclipseLogger - skip non existing resourceDirectory /Users/rgq5943/Desktop/Raghav-root/workspace/eclipse/SpringAOP/src/main/resources
2021-10-29 10:51:42,036 [Worker-23: Building] INFO  o.e.m.c.i.embedder.EclipseLogger - Using 'UTF-8' encoding to copy filtered resources.
2021-10-29 10:51:42,036 [Worker-23: Building] INFO  o.e.m.c.i.embedder.EclipseLogger - skip non existing resourceDirectory /Users/rgq5943/Desktop/Raghav-root/workspace/eclipse/SpringAOP/src/test/resources
2021-10-29 10:51:43,085 [Worker-13: Download sources and javadoc] INFO  o.e.m.c.i.e.AbstractTransferListenerAdapter - Downloading https://repo.maven.apache.org/maven2/junit/junit/3.8.1/junit-3.8.1-sources.jar
2021-10-29 10:51:43,404 [Worker-13: Download sources and javadoc] INFO  o.e.m.c.i.e.AbstractTransferListenerAdapter - Downloaded https://repo.maven.apache.org/maven2/junit/junit/3.8.1/junit-3.8.1-sources.jar
2021-10-29 10:51:43,425 [Worker-13: Download sources and javadoc] INFO  o.e.m.j.internal.DownloadSourcesJob - Downloaded sources for junit:junit:3.8.1
2021-10-29 10:51:43,428 [Worker-13: Download sources and javadoc] INFO  o.e.m.j.internal.DownloadSourcesJob - Downloaded sources for junit:junit:3.8.1
2021-10-29 10:51:43,558 [Worker-1: Building] INFO  o.e.m.c.i.embedder.EclipseLogger - Using 'UTF-8' encoding to copy filtered resources.
2021-10-29 10:51:43,558 [Worker-1: Building] INFO  o.e.m.c.i.embedder.EclipseLogger - skip non existing resourceDirectory /Users/rgq5943/Desktop/Raghav-root/workspace/eclipse/SpringAOP/src/main/resources
2021-10-29 10:51:43,559 [Worker-1: Building] INFO  o.e.m.c.i.embedder.EclipseLogger - Using 'UTF-8' encoding to copy filtered resources.
2021-10-29 10:51:43,559 [Worker-1: Building] INFO  o.e.m.c.i.embedder.EclipseLogger - skip non existing resourceDirectory /Users/rgq5943/Desktop/Raghav-root/workspace/eclipse/SpringAOP/src/test/resources
2021-10-29 10:54:07,587 [Worker-1: Building] INFO  o.e.m.c.i.l.LifecycleMappingFactory - Using org.eclipse.m2e.jdt.JarLifecycleMapping lifecycle mapping for MavenProject: com.rgv:SpringAOP:0.0.1-SNAPSHOT @ /Users/rgq5943/Desktop/Raghav-root/workspace/eclipse/SpringAOP/pom.xml.
2021-10-29 10:54:07,682 [Worker-1: Building] INFO  o.e.m.c.i.embedder.EclipseLogger - Using 'UTF-8' encoding to copy filtered resources.
2021-10-29 10:54:07,682 [Worker-1: Building] INFO  o.e.m.c.i.embedder.EclipseLogger - skip non existing resourceDirectory /Users/rgq5943/Desktop/Raghav-root/workspace/eclipse/SpringAOP/src/main/resources
2021-10-29 10:54:07,684 [Worker-1: Building] INFO  o.e.m.c.i.embedder.EclipseLogger - Using 'UTF-8' encoding to copy filtered resources.
2021-10-29 10:54:07,684 [Worker-1: Building] INFO  o.e.m.c.i.embedder.EclipseLogger - skip non existing resourceDirectory /Users/rgq5943/Desktop/Raghav-root/workspace/eclipse/SpringAOP/src/test/resources
2021-10-29 17:49:38,700 [Worker-0: Loading available Gradle versions] INFO  o.e.b.c.i.u.g.PublishedGradleVersions - Gradle version information cache is up-to-date. Trying to read.
2021-10-29 17:51:16,543 [Worker-14: Building] INFO  o.e.m.c.i.l.LifecycleMappingFactory - Using org.eclipse.m2e.jdt.JarLifecycleMapping lifecycle mapping for MavenProject: com.rgv:SpringAOP:0.0.1-SNAPSHOT @ /Users/rgq5943/Desktop/Raghav-root/workspace/eclipse/SpringAOP/pom.xml.
2021-10-29 17:51:17,595 [Worker-14: Building] INFO  o.e.m.c.i.e.AbstractTransferListenerAdapter - Downloading https://repo.maven.apache.org/maven2/org/springframework/spring-context/5.3.0/spring-context-5.3.0.pom
2021-10-29 17:51:17,896 [Worker-14: Building] INFO  o.e.m.c.i.e.AbstractTransferListenerAdapter - Downloaded https://repo.maven.apache.org/maven2/org/springframework/spring-context/5.3.0/spring-context-5.3.0.pom
2021-10-29 17:51:18,050 [Worker-14: Building] INFO  o.e.m.c.i.e.AbstractTransferListenerAdapter - Downloading https://repo.maven.apache.org/maven2/org/springframework/spring-aop/5.3.0/spring-aop-5.3.0.pom
2021-10-29 17:51:18,201 [Worker-14: Building] INFO  o.e.m.c.i.e.AbstractTransferListenerAdapter - Downloaded https://repo.maven.apache.org/maven2/org/springframework/spring-aop/5.3.0/spring-aop-5.3.0.pom
2021-10-29 17:51:18,354 [Worker-14: Building] INFO  o.e.m.c.i.e.AbstractTransferListenerAdapter - Downloading https://repo.maven.apache.org/maven2/org/springframework/spring-beans/5.3.0/spring-beans-5.3.0.pom
2021-10-29 17:51:18,504 [Worker-14: Building] INFO  o.e.m.c.i.e.AbstractTransferListenerAdapter - Downloaded https://repo.maven.apache.org/maven2/org/springframework/spring-beans/5.3.0/spring-beans-5.3.0.pom
2021-10-29 17:51:18,654 [Worker-14: Building] INFO  o.e.m.c.i.e.AbstractTransferListenerAdapter - Downloading https://repo.maven.apache.org/maven2/org/springframework/spring-core/5.3.0/spring-core-5.3.0.pom
2021-10-29 17:51:18,806 [Worker-14: Building] INFO  o.e.m.c.i.e.AbstractTransferListenerAdapter - Downloaded https://repo.maven.apache.org/maven2/org/springframework/spring-core/5.3.0/spring-core-5.3.0.pom
2021-10-29 17:51:18,986 [Worker-14: Building] INFO  o.e.m.c.i.e.AbstractTransferListenerAdapter - Downloading https://repo.maven.apache.org/maven2/org/springframework/spring-jcl/5.3.0/spring-jcl-5.3.0.pom
2021-10-29 17:51:19,140 [Worker-14: Building] INFO  o.e.m.c.i.e.AbstractTransferListenerAdapter - Downloaded https://repo.maven.apache.org/maven2/org/springframework/spring-jcl/5.3.0/spring-jcl-5.3.0.pom
2021-10-29 17:51:19,291 [Worker-14: Building] INFO  o.e.m.c.i.e.AbstractTransferListenerAdapter - Downloading https://repo.maven.apache.org/maven2/org/springframework/spring-expression/5.3.0/spring-expression-5.3.0.pom
2021-10-29 17:51:19,444 [Worker-14: Building] INFO  o.e.m.c.i.e.AbstractTransferListenerAdapter - Downloaded https://repo.maven.apache.org/maven2/org/springframework/spring-expression/5.3.0/spring-expression-5.3.0.pom
2021-10-29 17:51:19,598 [AetherRepositoryConnector-repo.maven.apache.org-0-0] INFO  o.e.m.c.i.e.AbstractTransferListenerAdapter - Downloading https://repo.maven.apache.org/maven2/org/springframework/spring-context/5.3.0/spring-context-5.3.0.jar
2021-10-29 17:51:19,601 [AetherRepositoryConnector-repo.maven.apache.org-0-2] INFO  o.e.m.c.i.e.AbstractTransferListenerAdapter - Downloading https://repo.maven.apache.org/maven2/org/springframework/spring-beans/5.3.0/spring-beans-5.3.0.jar
2021-10-29 17:51:19,750 [AetherRepositoryConnector-repo.maven.apache.org-0-1] INFO  o.e.m.c.i.e.AbstractTransferListenerAdapter - Downloading https://repo.maven.apache.org/maven2/org/springframework/spring-aop/5.3.0/spring-aop-5.3.0.jar
2021-10-29 17:51:19,750 [AetherRepositoryConnector-repo.maven.apache.org-0-4] INFO  o.e.m.c.i.e.AbstractTransferListenerAdapter - Downloading https://repo.maven.apache.org/maven2/org/springframework/spring-jcl/5.3.0/spring-jcl-5.3.0.jar
2021-10-29 17:51:19,751 [AetherRepositoryConnector-repo.maven.apache.org-0-3] INFO  o.e.m.c.i.e.AbstractTransferListenerAdapter - Downloading https://repo.maven.apache.org/maven2/org/springframework/spring-core/5.3.0/spring-core-5.3.0.jar
2021-10-29 17:51:20,488 [AetherRepositoryConnector-repo.maven.apache.org-0-4] INFO  o.e.m.c.i.e.AbstractTransferListenerAdapter - Downloaded https://repo.maven.apache.org/maven2/org/springframework/spring-jcl/5.3.0/spring-jcl-5.3.0.jar
2021-10-29 17:51:20,973 [AetherRepositoryConnector-repo.maven.apache.org-0-4] INFO  o.e.m.c.i.e.AbstractTransferListenerAdapter - Downloading https://repo.maven.apache.org/maven2/org/springframework/spring-expression/5.3.0/spring-expression-5.3.0.jar
2021-10-29 17:51:20,994 [AetherRepositoryConnector-repo.maven.apache.org-0-2] INFO  o.e.m.c.i.e.AbstractTransferListenerAdapter - Downloaded https://repo.maven.apache.org/maven2/org/springframework/spring-beans/5.3.0/spring-beans-5.3.0.jar
2021-10-29 17:51:20,995 [AetherRepositoryConnector-repo.maven.apache.org-0-1] INFO  o.e.m.c.i.e.AbstractTransferListenerAdapter - Downloaded https://repo.maven.apache.org/maven2/org/springframework/spring-aop/5.3.0/spring-aop-5.3.0.jar
2021-10-29 17:51:21,142 [AetherRepositoryConnector-repo.maven.apache.org-0-0] INFO  o.e.m.c.i.e.AbstractTransferListenerAdapter - Downloaded https://repo.maven.apache.org/maven2/org/springframework/spring-context/5.3.0/spring-context-5.3.0.jar
2021-10-29 17:51:21,143 [AetherRepositoryConnector-repo.maven.apache.org-0-3] INFO  o.e.m.c.i.e.AbstractTransferListenerAdapter - Downloaded https://repo.maven.apache.org/maven2/org/springframework/spring-core/5.3.0/spring-core-5.3.0.jar
2021-10-29 17:51:21,289 [AetherRepositoryConnector-repo.maven.apache.org-0-4] INFO  o.e.m.c.i.e.AbstractTransferListenerAdapter - Downloaded https://repo.maven.apache.org/maven2/org/springframework/spring-expression/5.3.0/spring-expression-5.3.0.jar
2021-10-29 17:51:21,606 [Worker-14: Building] INFO  o.e.m.c.i.embedder.EclipseLogger - Using 'UTF-8' encoding to copy filtered resources.
2021-10-29 17:51:21,610 [Worker-14: Building] INFO  o.e.m.c.i.embedder.EclipseLogger - skip non existing resourceDirectory /Users/rgq5943/Desktop/Raghav-root/workspace/eclipse/SpringAOP/src/main/resources
2021-10-29 17:51:21,611 [Worker-14: Building] INFO  o.e.m.c.i.embedder.EclipseLogger - Using 'UTF-8' encoding to copy filtered resources.
2021-10-29 17:51:21,612 [Worker-14: Building] INFO  o.e.m.c.i.embedder.EclipseLogger - skip non existing resourceDirectory /Users/rgq5943/Desktop/Raghav-root/workspace/eclipse/SpringAOP/src/test/resources
2021-10-29 17:51:22,670 [Worker-13: Building] INFO  o.e.m.c.i.embedder.EclipseLogger - Using 'UTF-8' encoding to copy filtered resources.
2021-10-29 17:51:22,670 [Worker-13: Building] INFO  o.e.m.c.i.embedder.EclipseLogger - skip non existing resourceDirectory /Users/rgq5943/Desktop/Raghav-root/workspace/eclipse/SpringAOP/src/main/resources
2021-10-29 17:51:22,672 [Worker-13: Building] INFO  o.e.m.c.i.embedder.EclipseLogger - Using 'UTF-8' encoding to copy filtered resources.
2021-10-29 17:51:22,672 [Worker-13: Building] INFO  o.e.m.c.i.embedder.EclipseLogger - skip non existing resourceDirectory /Users/rgq5943/Desktop/Raghav-root/workspace/eclipse/SpringAOP/src/test/resources
2021-10-29 17:51:23,067 [Worker-7: Download sources and javadoc] INFO  o.e.m.c.i.e.AbstractTransferListenerAdapter - Downloading https://repo.maven.apache.org/maven2/org/springframework/spring-context/5.3.0/spring-context-5.3.0-sources.jar
2021-10-29 17:51:24,155 [Worker-7: Download sources and javadoc] INFO  o.e.m.c.i.e.AbstractTransferListenerAdapter - Downloaded https://repo.maven.apache.org/maven2/org/springframework/spring-context/5.3.0/spring-context-5.3.0-sources.jar
2021-10-29 17:51:24,169 [Worker-7: Download sources and javadoc] INFO  o.e.m.j.internal.DownloadSourcesJob - Downloaded sources for org.springframework:spring-context:5.3.0
2021-10-29 17:51:24,902 [Worker-7: Download sources and javadoc] INFO  o.e.m.c.i.e.AbstractTransferListenerAdapter - Downloading https://repo.maven.apache.org/maven2/org/springframework/spring-aop/5.3.0/spring-aop-5.3.0-sources.jar
2021-10-29 17:51:25,617 [Worker-7: Download sources and javadoc] INFO  o.e.m.c.i.e.AbstractTransferListenerAdapter - Downloaded https://repo.maven.apache.org/maven2/org/springframework/spring-aop/5.3.0/spring-aop-5.3.0-sources.jar
2021-10-29 17:51:25,627 [Worker-7: Download sources and javadoc] INFO  o.e.m.j.internal.DownloadSourcesJob - Downloaded sources for org.springframework:spring-aop:5.3.0
2021-10-29 17:51:26,308 [Worker-7: Download sources and javadoc] INFO  o.e.m.c.i.e.AbstractTransferListenerAdapter - Downloading https://repo.maven.apache.org/maven2/org/springframework/spring-beans/5.3.0/spring-beans-5.3.0-sources.jar
2021-10-29 17:51:27,332 [Worker-7: Download sources and javadoc] INFO  o.e.m.c.i.e.AbstractTransferListenerAdapter - Downloaded https://repo.maven.apache.org/maven2/org/springframework/spring-beans/5.3.0/spring-beans-5.3.0-sources.jar
2021-10-29 17:51:27,344 [Worker-7: Download sources and javadoc] INFO  o.e.m.j.internal.DownloadSourcesJob - Downloaded sources for org.springframework:spring-beans:5.3.0
2021-10-29 17:51:27,993 [Worker-7: Download sources and javadoc] INFO  o.e.m.c.i.e.AbstractTransferListenerAdapter - Downloading https://repo.maven.apache.org/maven2/org/springframework/spring-core/5.3.0/spring-core-5.3.0-sources.jar
2021-10-29 17:51:29,107 [Worker-7: Download sources and javadoc] INFO  o.e.m.c.i.e.AbstractTransferListenerAdapter - Downloaded https://repo.maven.apache.org/maven2/org/springframework/spring-core/5.3.0/spring-core-5.3.0-sources.jar
2021-10-29 17:51:29,118 [Worker-7: Download sources and javadoc] INFO  o.e.m.j.internal.DownloadSourcesJob - Downloaded sources for org.springframework:spring-core:5.3.0
2021-10-29 17:51:29,773 [Worker-7: Download sources and javadoc] INFO  o.e.m.c.i.e.AbstractTransferListenerAdapter - Downloading https://repo.maven.apache.org/maven2/org/springframework/spring-jcl/5.3.0/spring-jcl-5.3.0-sources.jar
2021-10-29 17:51:30,104 [Worker-7: Download sources and javadoc] INFO  o.e.m.c.i.e.AbstractTransferListenerAdapter - Downloaded https://repo.maven.apache.org/maven2/org/springframework/spring-jcl/5.3.0/spring-jcl-5.3.0-sources.jar
2021-10-29 17:51:30,116 [Worker-7: Download sources and javadoc] INFO  o.e.m.j.internal.DownloadSourcesJob - Downloaded sources for org.springframework:spring-jcl:5.3.0
2021-10-29 17:51:30,766 [Worker-7: Download sources and javadoc] INFO  o.e.m.c.i.e.AbstractTransferListenerAdapter - Downloading https://repo.maven.apache.org/maven2/org/springframework/spring-expression/5.3.0/spring-expression-5.3.0-sources.jar
2021-10-29 17:51:31,311 [Worker-7: Download sources and javadoc] INFO  o.e.m.c.i.e.AbstractTransferListenerAdapter - Downloaded https://repo.maven.apache.org/maven2/org/springframework/spring-expression/5.3.0/spring-expression-5.3.0-sources.jar
2021-10-29 17:51:31,324 [Worker-7: Download sources and javadoc] INFO  o.e.m.j.internal.DownloadSourcesJob - Downloaded sources for org.springframework:spring-expression:5.3.0
2021-10-29 17:51:31,513 [Worker-24: Building] INFO  o.e.m.c.i.embedder.EclipseLogger - Using 'UTF-8' encoding to copy filtered resources.
2021-10-29 17:51:31,514 [Worker-24: Building] INFO  o.e.m.c.i.embedder.EclipseLogger - skip non existing resourceDirectory /Users/rgq5943/Desktop/Raghav-root/workspace/eclipse/SpringAOP/src/main/resources
2021-10-29 17:51:31,516 [Worker-24: Building] INFO  o.e.m.c.i.embedder.EclipseLogger - Using 'UTF-8' encoding to copy filtered resources.
2021-10-29 17:51:31,516 [Worker-24: Building] INFO  o.e.m.c.i.embedder.EclipseLogger - skip non existing resourceDirectory /Users/rgq5943/Desktop/Raghav-root/workspace/eclipse/SpringAOP/src/test/resources
2021-10-29 18:03:12,034 [Worker-40: Building] INFO  o.e.m.c.i.l.LifecycleMappingFactory - Using org.eclipse.m2e.jdt.JarLifecycleMapping lifecycle mapping for MavenProject: com.rgv:SpringAOP:0.0.1-SNAPSHOT @ /Users/rgq5943/Desktop/Raghav-root/workspace/eclipse/SpringAOP/pom.xml.
2021-10-29 18:03:12,976 [Worker-40: Building] INFO  o.e.m.c.i.e.AbstractTransferListenerAdapter - Downloading https://repo.maven.apache.org/maven2/org/aspectj/aspectjweaver/1.9.2/aspectjweaver-1.9.2.pom
2021-10-29 18:03:13,272 [Worker-40: Building] INFO  o.e.m.c.i.e.AbstractTransferListenerAdapter - Downloaded https://repo.maven.apache.org/maven2/org/aspectj/aspectjweaver/1.9.2/aspectjweaver-1.9.2.pom
2021-10-29 18:03:13,424 [Worker-40: Building] INFO  o.e.m.c.i.e.AbstractTransferListenerAdapter - Downloading https://repo.maven.apache.org/maven2/org/aspectj/aspectjrt/1.9.2/aspectjrt-1.9.2.pom
2021-10-29 18:03:13,575 [Worker-40: Building] INFO  o.e.m.c.i.e.AbstractTransferListenerAdapter - Downloaded https://repo.maven.apache.org/maven2/org/aspectj/aspectjrt/1.9.2/aspectjrt-1.9.2.pom
2021-10-29 18:03:13,819 [Worker-40: Building] INFO  o.e.m.c.i.e.AbstractTransferListenerAdapter - Downloading https://repo.maven.apache.org/maven2/org/aspectj/aspectjtools/1.9.0/aspectjtools-1.9.0.pom
2021-10-29 18:03:14,063 [Worker-40: Building] INFO  o.e.m.c.i.e.AbstractTransferListenerAdapter - Downloaded https://repo.maven.apache.org/maven2/org/aspectj/aspectjtools/1.9.0/aspectjtools-1.9.0.pom
2021-10-29 18:03:14,221 [AetherRepositoryConnector-repo.maven.apache.org-1-0] INFO  o.e.m.c.i.e.AbstractTransferListenerAdapter - Downloading https://repo.maven.apache.org/maven2/org/aspectj/aspectjweaver/1.9.2/aspectjweaver-1.9.2.jar
2021-10-29 18:03:14,375 [AetherRepositoryConnector-repo.maven.apache.org-1-1] INFO  o.e.m.c.i.e.AbstractTransferListenerAdapter - Downloading https://repo.maven.apache.org/maven2/org/aspectj/aspectjrt/1.9.2/aspectjrt-1.9.2.jar
2021-10-29 18:03:15,113 [AetherRepositoryConnector-repo.maven.apache.org-1-1] INFO  o.e.m.c.i.e.AbstractTransferListenerAdapter - Downloaded https://repo.maven.apache.org/maven2/org/aspectj/aspectjrt/1.9.2/aspectjrt-1.9.2.jar
2021-10-29 18:03:15,159 [AetherRepositoryConnector-repo.maven.apache.org-1-2] INFO  o.e.m.c.i.e.AbstractTransferListenerAdapter - Downloading https://repo.maven.apache.org/maven2/org/aspectj/aspectjtools/1.9.0/aspectjtools-1.9.0.jar
2021-10-29 18:03:15,907 [AetherRepositoryConnector-repo.maven.apache.org-1-0] INFO  o.e.m.c.i.e.AbstractTransferListenerAdapter - Downloaded https://repo.maven.apache.org/maven2/org/aspectj/aspectjweaver/1.9.2/aspectjweaver-1.9.2.jar
2021-10-29 18:03:17,319 [AetherRepositoryConnector-repo.maven.apache.org-1-2] INFO  o.e.m.c.i.e.AbstractTransferListenerAdapter - Downloaded https://repo.maven.apache.org/maven2/org/aspectj/aspectjtools/1.9.0/aspectjtools-1.9.0.jar
2021-10-29 18:03:17,469 [Worker-40: Building] INFO  o.e.m.c.i.embedder.EclipseLogger - Using 'UTF-8' encoding to copy filtered resources.
2021-10-29 18:03:17,469 [Worker-40: Building] INFO  o.e.m.c.i.embedder.EclipseLogger - skip non existing resourceDirectory /Users/rgq5943/Desktop/Raghav-root/workspace/eclipse/SpringAOP/src/main/resources
2021-10-29 18:03:17,471 [Worker-40: Building] INFO  o.e.m.c.i.embedder.EclipseLogger - Using 'UTF-8' encoding to copy filtered resources.
2021-10-29 18:03:17,471 [Worker-40: Building] INFO  o.e.m.c.i.embedder.EclipseLogger - skip non existing resourceDirectory /Users/rgq5943/Desktop/Raghav-root/workspace/eclipse/SpringAOP/src/test/resources
2021-10-31 11:18:59,009 [Worker-3: Loading available Gradle versions] INFO  o.e.b.c.i.u.g.PublishedGradleVersions - Gradle version information cache is up-to-date. Trying to read.
2021-10-31 11:22:03,196 [Worker-8: Creating maven-archetype-quickstart] INFO  o.e.m.c.i.p.ProjectConfigurationManager - Collecting project info '/pom.xml' /Users/rgq5943/Desktop/Raghav-root/workspace/eclipse/SpringAOP/pom.xml
2021-10-31 11:22:03,782 [Worker-8: Creating maven-archetype-quickstart] INFO  o.e.m.c.i.l.LifecycleMappingFactory - Using org.eclipse.m2e.jdt.JarLifecycleMapping lifecycle mapping for MavenProject: com.learning:SpringAOP:0.0.1-SNAPSHOT @ /Users/rgq5943/Desktop/Raghav-root/workspace/eclipse/SpringAOP/pom.xml.
2021-10-31 11:22:03,949 [Worker-8: Creating maven-archetype-quickstart] INFO  o.e.m.j.i.AbstractJavaProjectConfigurator - Adding source folder /SpringAOP/src/main/java
2021-10-31 11:22:03,951 [Worker-8: Creating maven-archetype-quickstart] INFO  o.e.m.j.i.AbstractJavaProjectConfigurator - Adding source folder /SpringAOP/src/test/java
2021-10-31 11:22:04,043 [Worker-8: Creating maven-archetype-quickstart] INFO  o.e.m.c.i.p.ProjectConfigurationManager - Imported and configured 1 project(s) in 0 sec
2021-10-31 11:22:04,531 [Worker-10: Building] INFO  o.e.m.c.i.embedder.EclipseLogger - Using 'UTF-8' encoding to copy filtered resources.
2021-10-31 11:22:04,532 [Worker-10: Building] INFO  o.e.m.c.i.embedder.EclipseLogger - skip non existing resourceDirectory /Users/rgq5943/Desktop/Raghav-root/workspace/eclipse/SpringAOP/src/main/resources
2021-10-31 11:22:04,533 [Worker-10: Building] INFO  o.e.m.c.i.embedder.EclipseLogger - Using 'UTF-8' encoding to copy filtered resources.
2021-10-31 11:22:04,533 [Worker-10: Building] INFO  o.e.m.c.i.embedder.EclipseLogger - skip non existing resourceDirectory /Users/rgq5943/Desktop/Raghav-root/workspace/eclipse/SpringAOP/src/test/resources
2021-10-31 11:23:05,743 [Worker-11: Launching App] INFO  o.e.m.c.i.l.LifecycleMappingFactory - Using org.eclipse.m2e.jdt.JarLifecycleMapping lifecycle mapping for MavenProject: com.learning:SpringAOP:0.0.1-SNAPSHOT @ /Users/rgq5943/Desktop/Raghav-root/workspace/eclipse/SpringAOP/pom.xml.
2021-10-31 11:23:05,830 [Worker-11: Launching App] INFO  o.e.m.c.i.embedder.EclipseLogger - Using 'UTF-8' encoding to copy filtered resources.
2021-10-31 11:23:05,830 [Worker-11: Launching App] INFO  o.e.m.c.i.embedder.EclipseLogger - skip non existing resourceDirectory /Users/rgq5943/Desktop/Raghav-root/workspace/eclipse/SpringAOP/src/main/resources
2021-10-31 11:23:05,831 [Worker-11: Launching App] INFO  o.e.m.c.i.embedder.EclipseLogger - Using 'UTF-8' encoding to copy filtered resources.
2021-10-31 11:23:05,832 [Worker-11: Launching App] INFO  o.e.m.c.i.embedder.EclipseLogger - skip non existing resourceDirectory /Users/rgq5943/Desktop/Raghav-root/workspace/eclipse/SpringAOP/src/test/resources
2021-10-31 11:25:02,420 [Worker-12: Building] INFO  o.e.m.c.i.embedder.EclipseLogger - Using 'UTF-8' encoding to copy filtered resources.
2021-10-31 11:25:02,421 [Worker-12: Building] INFO  o.e.m.c.i.embedder.EclipseLogger - skip non existing resourceDirectory /Users/rgq5943/Desktop/Raghav-root/workspace/eclipse/SpringAOP/src/main/resources
2021-10-31 11:25:02,422 [Worker-12: Building] INFO  o.e.m.c.i.embedder.EclipseLogger - Using 'UTF-8' encoding to copy filtered resources.
2021-10-31 11:25:02,422 [Worker-12: Building] INFO  o.e.m.c.i.embedder.EclipseLogger - skip non existing resourceDirectory /Users/rgq5943/Desktop/Raghav-root/workspace/eclipse/SpringAOP/src/test/resources
2021-10-31 11:52:59,579 [Worker-14: Building] INFO  o.e.m.c.i.embedder.EclipseLogger - Using 'UTF-8' encoding to copy filtered resources.
2021-10-31 11:52:59,580 [Worker-14: Building] INFO  o.e.m.c.i.embedder.EclipseLogger - skip non existing resourceDirectory /Users/rgq5943/Desktop/Raghav-root/workspace/eclipse/SpringAOP/src/main/resources
2021-10-31 11:52:59,581 [Worker-14: Building] INFO  o.e.m.c.i.embedder.EclipseLogger - Using 'UTF-8' encoding to copy filtered resources.
2021-10-31 11:52:59,581 [Worker-14: Building] INFO  o.e.m.c.i.embedder.EclipseLogger - skip non existing resourceDirectory /Users/rgq5943/Desktop/Raghav-root/workspace/eclipse/SpringAOP/src/test/resources
2021-10-31 11:58:02,656 [Worker-14: Building] INFO  o.e.m.c.i.embedder.EclipseLogger - Using 'UTF-8' encoding to copy filtered resources.
2021-10-31 11:58:02,656 [Worker-14: Building] INFO  o.e.m.c.i.embedder.EclipseLogger - skip non existing resourceDirectory /Users/rgq5943/Desktop/Raghav-root/workspace/eclipse/SpringAOP/src/main/resources
2021-10-31 11:58:02,658 [Worker-14: Building] INFO  o.e.m.c.i.embedder.EclipseLogger - Using 'UTF-8' encoding to copy filtered resources.
2021-10-31 11:58:02,658 [Worker-14: Building] INFO  o.e.m.c.i.embedder.EclipseLogger - skip non existing resourceDirectory /Users/rgq5943/Desktop/Raghav-root/workspace/eclipse/SpringAOP/src/test/resources
2021-10-31 12:01:07,699 [Worker-4: Building] INFO  o.e.m.c.i.embedder.EclipseLogger - Using 'UTF-8' encoding to copy filtered resources.
2021-10-31 12:01:07,699 [Worker-4: Building] INFO  o.e.m.c.i.embedder.EclipseLogger - skip non existing resourceDirectory /Users/rgq5943/Desktop/Raghav-root/workspace/eclipse/SpringAOP/src/main/resources
2021-10-31 12:01:07,700 [Worker-4: Building] INFO  o.e.m.c.i.embedder.EclipseLogger - Using 'UTF-8' encoding to copy filtered resources.
2021-10-31 12:01:07,700 [Worker-4: Building] INFO  o.e.m.c.i.embedder.EclipseLogger - skip non existing resourceDirectory /Users/rgq5943/Desktop/Raghav-root/workspace/eclipse/SpringAOP/src/test/resources
2021-10-31 12:02:01,169 [Worker-17: Building] INFO  o.e.m.c.i.embedder.EclipseLogger - Using 'UTF-8' encoding to copy filtered resources.
2021-10-31 12:02:01,169 [Worker-17: Building] INFO  o.e.m.c.i.embedder.EclipseLogger - skip non existing resourceDirectory /Users/rgq5943/Desktop/Raghav-root/workspace/eclipse/SpringAOP/src/main/resources
2021-10-31 12:02:01,170 [Worker-17: Building] INFO  o.e.m.c.i.embedder.EclipseLogger - Using 'UTF-8' encoding to copy filtered resources.
2021-10-31 12:02:01,171 [Worker-17: Building] INFO  o.e.m.c.i.embedder.EclipseLogger - skip non existing resourceDirectory /Users/rgq5943/Desktop/Raghav-root/workspace/eclipse/SpringAOP/src/test/resources
2021-10-31 12:03:58,471 [Worker-4: Building] INFO  o.e.m.c.i.l.LifecycleMappingFactory - Using org.eclipse.m2e.jdt.JarLifecycleMapping lifecycle mapping for MavenProject: com.learning:SpringAOP:0.0.1-SNAPSHOT @ /Users/rgq5943/Desktop/Raghav-root/workspace/eclipse/SpringAOP/pom.xml.
2021-10-31 12:03:59,522 [Worker-4: Building] INFO  o.e.m.c.i.e.AbstractTransferListenerAdapter - Downloading https://repo.maven.apache.org/maven2/org/aspectj/aspectjtools/1.9.7/aspectjtools-1.9.7.pom
2021-10-31 12:03:59,815 [Worker-4: Building] INFO  o.e.m.c.i.e.AbstractTransferListenerAdapter - Downloaded https://repo.maven.apache.org/maven2/org/aspectj/aspectjtools/1.9.7/aspectjtools-1.9.7.pom
2021-10-31 12:03:59,969 [Worker-4: Building] INFO  o.e.m.c.i.e.AbstractTransferListenerAdapter - Downloading https://repo.maven.apache.org/maven2/org/aspectj/aspectjtools/1.9.7/aspectjtools-1.9.7.jar
2021-10-31 12:04:02,825 [Worker-4: Building] INFO  o.e.m.c.i.e.AbstractTransferListenerAdapter - Downloaded https://repo.maven.apache.org/maven2/org/aspectj/aspectjtools/1.9.7/aspectjtools-1.9.7.jar
2021-10-31 12:04:02,936 [Worker-4: Building] INFO  o.e.m.c.i.embedder.EclipseLogger - Using 'UTF-8' encoding to copy filtered resources.
2021-10-31 12:04:02,937 [Worker-4: Building] INFO  o.e.m.c.i.embedder.EclipseLogger - skip non existing resourceDirectory /Users/rgq5943/Desktop/Raghav-root/workspace/eclipse/SpringAOP/src/main/resources
2021-10-31 12:04:02,938 [Worker-4: Building] INFO  o.e.m.c.i.embedder.EclipseLogger - Using 'UTF-8' encoding to copy filtered resources.
2021-10-31 12:04:02,939 [Worker-4: Building] INFO  o.e.m.c.i.embedder.EclipseLogger - skip non existing resourceDirectory /Users/rgq5943/Desktop/Raghav-root/workspace/eclipse/SpringAOP/src/test/resources
2021-10-31 12:04:04,088 [Worker-18: Building] INFO  o.e.m.c.i.embedder.EclipseLogger - Using 'UTF-8' encoding to copy filtered resources.
2021-10-31 12:04:04,089 [Worker-18: Building] INFO  o.e.m.c.i.embedder.EclipseLogger - skip non existing resourceDirectory /Users/rgq5943/Desktop/Raghav-root/workspace/eclipse/SpringAOP/src/main/resources
2021-10-31 12:04:04,090 [Worker-18: Building] INFO  o.e.m.c.i.embedder.EclipseLogger - Using 'UTF-8' encoding to copy filtered resources.
2021-10-31 12:04:04,090 [Worker-18: Building] INFO  o.e.m.c.i.embedder.EclipseLogger - skip non existing resourceDirectory /Users/rgq5943/Desktop/Raghav-root/workspace/eclipse/SpringAOP/src/test/resources
2021-10-31 12:04:04,497 [Worker-15: Download sources and javadoc] INFO  o.e.m.c.i.e.AbstractTransferListenerAdapter - Downloading https://repo.maven.apache.org/maven2/org/aspectj/aspectjtools/1.9.7/aspectjtools-1.9.7-sources.jar
2021-10-31 12:04:06,838 [Worker-15: Download sources and javadoc] INFO  o.e.m.c.i.e.AbstractTransferListenerAdapter - Downloaded https://repo.maven.apache.org/maven2/org/aspectj/aspectjtools/1.9.7/aspectjtools-1.9.7-sources.jar
2021-10-31 12:04:06,855 [Worker-15: Download sources and javadoc] INFO  o.e.m.j.internal.DownloadSourcesJob - Downloaded sources for org.aspectj:aspectjtools:1.9.7
2021-10-31 12:04:06,982 [Worker-18: Building] INFO  o.e.m.c.i.embedder.EclipseLogger - Using 'UTF-8' encoding to copy filtered resources.
2021-10-31 12:04:06,982 [Worker-18: Building] INFO  o.e.m.c.i.embedder.EclipseLogger - skip non existing resourceDirectory /Users/rgq5943/Desktop/Raghav-root/workspace/eclipse/SpringAOP/src/main/resources
2021-10-31 12:04:06,983 [Worker-18: Building] INFO  o.e.m.c.i.embedder.EclipseLogger - Using 'UTF-8' encoding to copy filtered resources.
2021-10-31 12:04:06,983 [Worker-18: Building] INFO  o.e.m.c.i.embedder.EclipseLogger - skip non existing resourceDirectory /Users/rgq5943/Desktop/Raghav-root/workspace/eclipse/SpringAOP/src/test/resources
2021-10-31 12:12:18,567 [Worker-24: Building] INFO  o.e.m.c.i.embedder.EclipseLogger - Using 'UTF-8' encoding to copy filtered resources.
2021-10-31 12:12:18,568 [Worker-24: Building] INFO  o.e.m.c.i.embedder.EclipseLogger - skip non existing resourceDirectory /Users/rgq5943/Desktop/Raghav-root/workspace/eclipse/SpringAOP/src/main/resources
2021-10-31 12:12:18,569 [Worker-24: Building] INFO  o.e.m.c.i.embedder.EclipseLogger - Using 'UTF-8' encoding to copy filtered resources.
2021-10-31 12:12:18,569 [Worker-24: Building] INFO  o.e.m.c.i.embedder.EclipseLogger - skip non existing resourceDirectory /Users/rgq5943/Desktop/Raghav-root/workspace/eclipse/SpringAOP/src/test/resources
2021-10-31 12:13:45,177 [Worker-20: Building] INFO  o.e.m.c.i.embedder.EclipseLogger - Using 'UTF-8' encoding to copy filtered resources.
2021-10-31 12:13:45,177 [Worker-20: Building] INFO  o.e.m.c.i.embedder.EclipseLogger - skip non existing resourceDirectory /Users/rgq5943/Desktop/Raghav-root/workspace/eclipse/SpringAOP/src/main/resources
2021-10-31 12:13:45,178 [Worker-20: Building] INFO  o.e.m.c.i.embedder.EclipseLogger - Using 'UTF-8' encoding to copy filtered resources.
2021-10-31 12:13:45,178 [Worker-20: Building] INFO  o.e.m.c.i.embedder.EclipseLogger - skip non existing resourceDirectory /Users/rgq5943/Desktop/Raghav-root/workspace/eclipse/SpringAOP/src/test/resources
2021-10-31 12:13:48,676 [Worker-25: Building] INFO  o.e.m.c.i.embedder.EclipseLogger - Using 'UTF-8' encoding to copy filtered resources.
2021-10-31 12:13:48,676 [Worker-25: Building] INFO  o.e.m.c.i.embedder.EclipseLogger - skip non existing resourceDirectory /Users/rgq5943/Desktop/Raghav-root/workspace/eclipse/SpringAOP/src/main/resources
2021-10-31 12:13:48,677 [Worker-25: Building] INFO  o.e.m.c.i.embedder.EclipseLogger - Using 'UTF-8' encoding to copy filtered resources.
2021-10-31 12:13:48,677 [Worker-25: Building] INFO  o.e.m.c.i.embedder.EclipseLogger - skip non existing resourceDirectory /Users/rgq5943/Desktop/Raghav-root/workspace/eclipse/SpringAOP/src/test/resources
2021-10-31 12:14:38,889 [Worker-20: Building] INFO  o.e.m.c.i.embedder.EclipseLogger - Using 'UTF-8' encoding to copy filtered resources.
2021-10-31 12:14:38,889 [Worker-20: Building] INFO  o.e.m.c.i.embedder.EclipseLogger - skip non existing resourceDirectory /Users/rgq5943/Desktop/Raghav-root/workspace/eclipse/SpringAOP/src/main/resources
2021-10-31 12:14:38,890 [Worker-20: Building] INFO  o.e.m.c.i.embedder.EclipseLogger - Using 'UTF-8' encoding to copy filtered resources.
2021-10-31 12:14:38,890 [Worker-20: Building] INFO  o.e.m.c.i.embedder.EclipseLogger - skip non existing resourceDirectory /Users/rgq5943/Desktop/Raghav-root/workspace/eclipse/SpringAOP/src/test/resources
2021-10-31 12:19:42,212 [Worker-22: Building] INFO  o.e.m.c.i.l.LifecycleMappingFactory - Using org.eclipse.m2e.jdt.JarLifecycleMapping lifecycle mapping for MavenProject: com.learning:SpringAOP:0.0.1-SNAPSHOT @ /Users/rgq5943/Desktop/Raghav-root/workspace/eclipse/SpringAOP/pom.xml.
2021-10-31 12:19:43,148 [Worker-22: Building] INFO  o.e.m.c.i.e.AbstractTransferListenerAdapter - Downloading https://repo.maven.apache.org/maven2/org/springframework/spring-core/5.3.12/spring-core-5.3.12.pom
2021-10-31 12:19:43,443 [Worker-22: Building] INFO  o.e.m.c.i.e.AbstractTransferListenerAdapter - Downloaded https://repo.maven.apache.org/maven2/org/springframework/spring-core/5.3.12/spring-core-5.3.12.pom
2021-10-31 12:19:43,594 [Worker-22: Building] INFO  o.e.m.c.i.e.AbstractTransferListenerAdapter - Downloading https://repo.maven.apache.org/maven2/org/springframework/spring-jcl/5.3.12/spring-jcl-5.3.12.pom
2021-10-31 12:19:43,748 [Worker-22: Building] INFO  o.e.m.c.i.e.AbstractTransferListenerAdapter - Downloaded https://repo.maven.apache.org/maven2/org/springframework/spring-jcl/5.3.12/spring-jcl-5.3.12.pom
2021-10-31 12:19:43,904 [AetherRepositoryConnector-repo.maven.apache.org-0-1] INFO  o.e.m.c.i.e.AbstractTransferListenerAdapter - Downloading https://repo.maven.apache.org/maven2/org/springframework/spring-jcl/5.3.12/spring-jcl-5.3.12.jar
2021-10-31 12:19:43,946 [AetherRepositoryConnector-repo.maven.apache.org-0-0] INFO  o.e.m.c.i.e.AbstractTransferListenerAdapter - Downloading https://repo.maven.apache.org/maven2/org/springframework/spring-core/5.3.12/spring-core-5.3.12.jar
2021-10-31 12:19:44,235 [AetherRepositoryConnector-repo.maven.apache.org-0-1] INFO  o.e.m.c.i.e.AbstractTransferListenerAdapter - Downloaded https://repo.maven.apache.org/maven2/org/springframework/spring-jcl/5.3.12/spring-jcl-5.3.12.jar
2021-10-31 12:19:45,143 [AetherRepositoryConnector-repo.maven.apache.org-0-0] INFO  o.e.m.c.i.e.AbstractTransferListenerAdapter - Downloaded https://repo.maven.apache.org/maven2/org/springframework/spring-core/5.3.12/spring-core-5.3.12.jar
2021-10-31 12:19:45,284 [Worker-22: Building] INFO  o.e.m.c.i.embedder.EclipseLogger - Using 'UTF-8' encoding to copy filtered resources.
2021-10-31 12:19:45,284 [Worker-22: Building] INFO  o.e.m.c.i.embedder.EclipseLogger - skip non existing resourceDirectory /Users/rgq5943/Desktop/Raghav-root/workspace/eclipse/SpringAOP/src/main/resources
2021-10-31 12:19:45,285 [Worker-22: Building] INFO  o.e.m.c.i.embedder.EclipseLogger - Using 'UTF-8' encoding to copy filtered resources.
2021-10-31 12:19:45,285 [Worker-22: Building] INFO  o.e.m.c.i.embedder.EclipseLogger - skip non existing resourceDirectory /Users/rgq5943/Desktop/Raghav-root/workspace/eclipse/SpringAOP/src/test/resources
2021-10-31 12:19:46,376 [Worker-22: Building] INFO  o.e.m.c.i.embedder.EclipseLogger - Using 'UTF-8' encoding to copy filtered resources.
2021-10-31 12:19:46,376 [Worker-22: Building] INFO  o.e.m.c.i.embedder.EclipseLogger - skip non existing resourceDirectory /Users/rgq5943/Desktop/Raghav-root/workspace/eclipse/SpringAOP/src/main/resources
2021-10-31 12:19:46,377 [Worker-22: Building] INFO  o.e.m.c.i.embedder.EclipseLogger - Using 'UTF-8' encoding to copy filtered resources.
2021-10-31 12:19:46,377 [Worker-22: Building] INFO  o.e.m.c.i.embedder.EclipseLogger - skip non existing resourceDirectory /Users/rgq5943/Desktop/Raghav-root/workspace/eclipse/SpringAOP/src/test/resources
2021-10-31 12:19:46,884 [Worker-25: Download sources and javadoc] INFO  o.e.m.c.i.e.AbstractTransferListenerAdapter - Downloading https://repo.maven.apache.org/maven2/org/springframework/spring-core/5.3.12/spring-core-5.3.12-sources.jar
2021-10-31 12:19:47,973 [Worker-25: Download sources and javadoc] INFO  o.e.m.c.i.e.AbstractTransferListenerAdapter - Downloaded https://repo.maven.apache.org/maven2/org/springframework/spring-core/5.3.12/spring-core-5.3.12-sources.jar
2021-10-31 12:19:47,985 [Worker-25: Download sources and javadoc] INFO  o.e.m.j.internal.DownloadSourcesJob - Downloaded sources for org.springframework:spring-core:5.3.12
2021-10-31 12:19:48,638 [Worker-25: Download sources and javadoc] INFO  o.e.m.c.i.e.AbstractTransferListenerAdapter - Downloading https://repo.maven.apache.org/maven2/org/springframework/spring-jcl/5.3.12/spring-jcl-5.3.12-sources.jar
2021-10-31 12:19:48,975 [Worker-25: Download sources and javadoc] INFO  o.e.m.c.i.e.AbstractTransferListenerAdapter - Downloaded https://repo.maven.apache.org/maven2/org/springframework/spring-jcl/5.3.12/spring-jcl-5.3.12-sources.jar
2021-10-31 12:19:48,985 [Worker-25: Download sources and javadoc] INFO  o.e.m.j.internal.DownloadSourcesJob - Downloaded sources for org.springframework:spring-jcl:5.3.12
2021-10-31 12:19:49,107 [Worker-24: Building] INFO  o.e.m.c.i.embedder.EclipseLogger - Using 'UTF-8' encoding to copy filtered resources.
2021-10-31 12:19:49,107 [Worker-24: Building] INFO  o.e.m.c.i.embedder.EclipseLogger - skip non existing resourceDirectory /Users/rgq5943/Desktop/Raghav-root/workspace/eclipse/SpringAOP/src/main/resources
2021-10-31 12:19:49,107 [Worker-24: Building] INFO  o.e.m.c.i.embedder.EclipseLogger - Using 'UTF-8' encoding to copy filtered resources.
2021-10-31 12:19:49,108 [Worker-24: Building] INFO  o.e.m.c.i.embedder.EclipseLogger - skip non existing resourceDirectory /Users/rgq5943/Desktop/Raghav-root/workspace/eclipse/SpringAOP/src/test/resources
2021-10-31 12:21:09,086 [Worker-24: Building] INFO  o.e.m.c.i.embedder.EclipseLogger - Using 'UTF-8' encoding to copy filtered resources.
2021-10-31 12:21:09,086 [Worker-24: Building] INFO  o.e.m.c.i.embedder.EclipseLogger - skip non existing resourceDirectory /Users/rgq5943/Desktop/Raghav-root/workspace/eclipse/SpringAOP/src/main/resources
2021-10-31 12:21:09,088 [Worker-24: Building] INFO  o.e.m.c.i.embedder.EclipseLogger - Using 'UTF-8' encoding to copy filtered resources.
2021-10-31 12:21:09,089 [Worker-24: Building] INFO  o.e.m.c.i.embedder.EclipseLogger - skip non existing resourceDirectory /Users/rgq5943/Desktop/Raghav-root/workspace/eclipse/SpringAOP/src/test/resources
2021-10-31 12:21:17,868 [Worker-22: Building] INFO  o.e.m.c.i.embedder.EclipseLogger - Using 'UTF-8' encoding to copy filtered resources.
2021-10-31 12:21:17,868 [Worker-22: Building] INFO  o.e.m.c.i.embedder.EclipseLogger - skip non existing resourceDirectory /Users/rgq5943/Desktop/Raghav-root/workspace/eclipse/SpringAOP/src/main/resources
2021-10-31 12:21:17,869 [Worker-22: Building] INFO  o.e.m.c.i.embedder.EclipseLogger - Using 'UTF-8' encoding to copy filtered resources.
2021-10-31 12:21:17,869 [Worker-22: Building] INFO  o.e.m.c.i.embedder.EclipseLogger - skip non existing resourceDirectory /Users/rgq5943/Desktop/Raghav-root/workspace/eclipse/SpringAOP/src/test/resources
2021-10-31 12:22:04,757 [Worker-28: Building] INFO  o.e.m.c.i.l.LifecycleMappingFactory - Using org.eclipse.m2e.jdt.JarLifecycleMapping lifecycle mapping for MavenProject: com.learning:SpringAOP:0.0.1-SNAPSHOT @ /Users/rgq5943/Desktop/Raghav-root/workspace/eclipse/SpringAOP/pom.xml.
2021-10-31 12:22:05,403 [Worker-28: Building] INFO  o.e.m.c.i.e.AbstractTransferListenerAdapter - Downloading https://repo.maven.apache.org/maven2/org/springframework/spring-context/5.3.12/spring-context-5.3.12.pom
2021-10-31 12:22:05,700 [Worker-28: Building] INFO  o.e.m.c.i.e.AbstractTransferListenerAdapter - Downloaded https://repo.maven.apache.org/maven2/org/springframework/spring-context/5.3.12/spring-context-5.3.12.pom
2021-10-31 12:22:05,855 [Worker-28: Building] INFO  o.e.m.c.i.e.AbstractTransferListenerAdapter - Downloading https://repo.maven.apache.org/maven2/org/springframework/spring-aop/5.3.12/spring-aop-5.3.12.pom
2021-10-31 12:22:06,006 [Worker-28: Building] INFO  o.e.m.c.i.e.AbstractTransferListenerAdapter - Downloaded https://repo.maven.apache.org/maven2/org/springframework/spring-aop/5.3.12/spring-aop-5.3.12.pom
2021-10-31 12:22:06,157 [Worker-28: Building] INFO  o.e.m.c.i.e.AbstractTransferListenerAdapter - Downloading https://repo.maven.apache.org/maven2/org/springframework/spring-beans/5.3.12/spring-beans-5.3.12.pom
2021-10-31 12:22:06,309 [Worker-28: Building] INFO  o.e.m.c.i.e.AbstractTransferListenerAdapter - Downloaded https://repo.maven.apache.org/maven2/org/springframework/spring-beans/5.3.12/spring-beans-5.3.12.pom
2021-10-31 12:22:06,464 [Worker-28: Building] INFO  o.e.m.c.i.e.AbstractTransferListenerAdapter - Downloading https://repo.maven.apache.org/maven2/org/springframework/spring-expression/5.3.12/spring-expression-5.3.12.pom
2021-10-31 12:22:06,614 [Worker-28: Building] INFO  o.e.m.c.i.e.AbstractTransferListenerAdapter - Downloaded https://repo.maven.apache.org/maven2/org/springframework/spring-expression/5.3.12/spring-expression-5.3.12.pom
2021-10-31 12:22:06,776 [AetherRepositoryConnector-repo.maven.apache.org-1-0] INFO  o.e.m.c.i.e.AbstractTransferListenerAdapter - Downloading https://repo.maven.apache.org/maven2/org/springframework/spring-context/5.3.12/spring-context-5.3.12.jar
2021-10-31 12:22:06,926 [AetherRepositoryConnector-repo.maven.apache.org-1-3] INFO  o.e.m.c.i.e.AbstractTransferListenerAdapter - Downloading https://repo.maven.apache.org/maven2/org/springframework/spring-expression/5.3.12/spring-expression-5.3.12.jar
2021-10-31 12:22:06,926 [AetherRepositoryConnector-repo.maven.apache.org-1-1] INFO  o.e.m.c.i.e.AbstractTransferListenerAdapter - Downloading https://repo.maven.apache.org/maven2/org/springframework/spring-aop/5.3.12/spring-aop-5.3.12.jar
2021-10-31 12:22:06,926 [AetherRepositoryConnector-repo.maven.apache.org-1-2] INFO  o.e.m.c.i.e.AbstractTransferListenerAdapter - Downloading https://repo.maven.apache.org/maven2/org/springframework/spring-beans/5.3.12/spring-beans-5.3.12.jar
2021-10-31 12:22:08,011 [AetherRepositoryConnector-repo.maven.apache.org-1-1] INFO  o.e.m.c.i.e.AbstractTransferListenerAdapter - Downloaded https://repo.maven.apache.org/maven2/org/springframework/spring-aop/5.3.12/spring-aop-5.3.12.jar
2021-10-31 12:22:08,011 [AetherRepositoryConnector-repo.maven.apache.org-1-3] INFO  o.e.m.c.i.e.AbstractTransferListenerAdapter - Downloaded https://repo.maven.apache.org/maven2/org/springframework/spring-expression/5.3.12/spring-expression-5.3.12.jar
2021-10-31 12:22:08,175 [AetherRepositoryConnector-repo.maven.apache.org-1-2] INFO  o.e.m.c.i.e.AbstractTransferListenerAdapter - Downloaded https://repo.maven.apache.org/maven2/org/springframework/spring-beans/5.3.12/spring-beans-5.3.12.jar
2021-10-31 12:22:08,340 [AetherRepositoryConnector-repo.maven.apache.org-1-0] INFO  o.e.m.c.i.e.AbstractTransferListenerAdapter - Downloaded https://repo.maven.apache.org/maven2/org/springframework/spring-context/5.3.12/spring-context-5.3.12.jar
2021-10-31 12:22:08,456 [Worker-28: Building] INFO  o.e.m.c.i.embedder.EclipseLogger - Using 'UTF-8' encoding to copy filtered resources.
2021-10-31 12:22:08,456 [Worker-28: Building] INFO  o.e.m.c.i.embedder.EclipseLogger - skip non existing resourceDirectory /Users/rgq5943/Desktop/Raghav-root/workspace/eclipse/SpringAOP/src/main/resources
2021-10-31 12:22:08,457 [Worker-28: Building] INFO  o.e.m.c.i.embedder.EclipseLogger - Using 'UTF-8' encoding to copy filtered resources.
2021-10-31 12:22:08,457 [Worker-28: Building] INFO  o.e.m.c.i.embedder.EclipseLogger - skip non existing resourceDirectory /Users/rgq5943/Desktop/Raghav-root/workspace/eclipse/SpringAOP/src/test/resources
2021-10-31 12:22:09,595 [Worker-24: Building] INFO  o.e.m.c.i.embedder.EclipseLogger - Using 'UTF-8' encoding to copy filtered resources.
2021-10-31 12:22:09,595 [Worker-24: Building] INFO  o.e.m.c.i.embedder.EclipseLogger - skip non existing resourceDirectory /Users/rgq5943/Desktop/Raghav-root/workspace/eclipse/SpringAOP/src/main/resources
2021-10-31 12:22:09,595 [Worker-24: Building] INFO  o.e.m.c.i.embedder.EclipseLogger - Using 'UTF-8' encoding to copy filtered resources.
2021-10-31 12:22:09,596 [Worker-24: Building] INFO  o.e.m.c.i.embedder.EclipseLogger - skip non existing resourceDirectory /Users/rgq5943/Desktop/Raghav-root/workspace/eclipse/SpringAOP/src/test/resources
2021-10-31 12:22:10,084 [Worker-22: Download sources and javadoc] INFO  o.e.m.c.i.e.AbstractTransferListenerAdapter - Downloading https://repo.maven.apache.org/maven2/org/springframework/spring-context/5.3.12/spring-context-5.3.12-sources.jar
2021-10-31 12:22:11,237 [Worker-22: Download sources and javadoc] INFO  o.e.m.c.i.e.AbstractTransferListenerAdapter - Downloaded https://repo.maven.apache.org/maven2/org/springframework/spring-context/5.3.12/spring-context-5.3.12-sources.jar
2021-10-31 12:22:11,259 [Worker-22: Download sources and javadoc] INFO  o.e.m.j.internal.DownloadSourcesJob - Downloaded sources for org.springframework:spring-context:5.3.12
2021-10-31 12:22:11,921 [Worker-22: Download sources and javadoc] INFO  o.e.m.c.i.e.AbstractTransferListenerAdapter - Downloading https://repo.maven.apache.org/maven2/org/springframework/spring-aop/5.3.12/spring-aop-5.3.12-sources.jar
2021-10-31 12:22:12,674 [Worker-22: Download sources and javadoc] INFO  o.e.m.c.i.e.AbstractTransferListenerAdapter - Downloaded https://repo.maven.apache.org/maven2/org/springframework/spring-aop/5.3.12/spring-aop-5.3.12-sources.jar
2021-10-31 12:22:12,690 [Worker-22: Download sources and javadoc] INFO  o.e.m.j.internal.DownloadSourcesJob - Downloaded sources for org.springframework:spring-aop:5.3.12
2021-10-31 12:22:13,366 [Worker-22: Download sources and javadoc] INFO  o.e.m.c.i.e.AbstractTransferListenerAdapter - Downloading https://repo.maven.apache.org/maven2/org/springframework/spring-beans/5.3.12/spring-beans-5.3.12-sources.jar
2021-10-31 12:22:14,339 [Worker-22: Download sources and javadoc] INFO  o.e.m.c.i.e.AbstractTransferListenerAdapter - Downloaded https://repo.maven.apache.org/maven2/org/springframework/spring-beans/5.3.12/spring-beans-5.3.12-sources.jar
2021-10-31 12:22:14,360 [Worker-22: Download sources and javadoc] INFO  o.e.m.j.internal.DownloadSourcesJob - Downloaded sources for org.springframework:spring-beans:5.3.12
2021-10-31 12:22:15,033 [Worker-22: Download sources and javadoc] INFO  o.e.m.c.i.e.AbstractTransferListenerAdapter - Downloading https://repo.maven.apache.org/maven2/org/springframework/spring-expression/5.3.12/spring-expression-5.3.12-sources.jar
2021-10-31 12:22:15,623 [Worker-22: Download sources and javadoc] INFO  o.e.m.c.i.e.AbstractTransferListenerAdapter - Downloaded https://repo.maven.apache.org/maven2/org/springframework/spring-expression/5.3.12/spring-expression-5.3.12-sources.jar
2021-10-31 12:22:15,634 [Worker-22: Download sources and javadoc] INFO  o.e.m.j.internal.DownloadSourcesJob - Downloaded sources for org.springframework:spring-expression:5.3.12
2021-10-31 12:22:15,760 [Worker-30: Building] INFO  o.e.m.c.i.embedder.EclipseLogger - Using 'UTF-8' encoding to copy filtered resources.
2021-10-31 12:22:15,760 [Worker-30: Building] INFO  o.e.m.c.i.embedder.EclipseLogger - skip non existing resourceDirectory /Users/rgq5943/Desktop/Raghav-root/workspace/eclipse/SpringAOP/src/main/resources
2021-10-31 12:22:15,760 [Worker-30: Building] INFO  o.e.m.c.i.embedder.EclipseLogger - Using 'UTF-8' encoding to copy filtered resources.
2021-10-31 12:22:15,761 [Worker-30: Building] INFO  o.e.m.c.i.embedder.EclipseLogger - skip non existing resourceDirectory /Users/rgq5943/Desktop/Raghav-root/workspace/eclipse/SpringAOP/src/test/resources
2021-10-31 12:24:48,064 [Worker-22: Building] INFO  o.e.m.c.i.embedder.EclipseLogger - Using 'UTF-8' encoding to copy filtered resources.
2021-10-31 12:24:48,064 [Worker-22: Building] INFO  o.e.m.c.i.embedder.EclipseLogger - skip non existing resourceDirectory /Users/rgq5943/Desktop/Raghav-root/workspace/eclipse/SpringAOP/src/main/resources
2021-10-31 12:24:48,065 [Worker-22: Building] INFO  o.e.m.c.i.embedder.EclipseLogger - Using 'UTF-8' encoding to copy filtered resources.
2021-10-31 12:24:48,065 [Worker-22: Building] INFO  o.e.m.c.i.embedder.EclipseLogger - skip non existing resourceDirectory /Users/rgq5943/Desktop/Raghav-root/workspace/eclipse/SpringAOP/src/test/resources
2021-10-31 12:25:44,133 [Worker-29: Building] INFO  o.e.m.c.i.embedder.EclipseLogger - Using 'UTF-8' encoding to copy filtered resources.
2021-10-31 12:25:44,133 [Worker-29: Building] INFO  o.e.m.c.i.embedder.EclipseLogger - skip non existing resourceDirectory /Users/rgq5943/Desktop/Raghav-root/workspace/eclipse/SpringAOP/src/main/resources
2021-10-31 12:25:44,134 [Worker-29: Building] INFO  o.e.m.c.i.embedder.EclipseLogger - Using 'UTF-8' encoding to copy filtered resources.
2021-10-31 12:25:44,134 [Worker-29: Building] INFO  o.e.m.c.i.embedder.EclipseLogger - skip non existing resourceDirectory /Users/rgq5943/Desktop/Raghav-root/workspace/eclipse/SpringAOP/src/test/resources
2021-10-31 12:31:06,055 [Worker-24: Building] INFO  o.e.m.c.i.embedder.EclipseLogger - Using 'UTF-8' encoding to copy filtered resources.
2021-10-31 12:31:06,055 [Worker-24: Building] INFO  o.e.m.c.i.embedder.EclipseLogger - skip non existing resourceDirectory /Users/rgq5943/Desktop/Raghav-root/workspace/eclipse/SpringAOP/src/main/resources
2021-10-31 12:31:06,056 [Worker-24: Building] INFO  o.e.m.c.i.embedder.EclipseLogger - Using 'UTF-8' encoding to copy filtered resources.
2021-10-31 12:31:06,056 [Worker-24: Building] INFO  o.e.m.c.i.embedder.EclipseLogger - skip non existing resourceDirectory /Users/rgq5943/Desktop/Raghav-root/workspace/eclipse/SpringAOP/src/test/resources
2021-10-31 12:33:03,840 [Worker-34: Building] INFO  o.e.m.c.i.embedder.EclipseLogger - Using 'UTF-8' encoding to copy filtered resources.
2021-10-31 12:33:03,840 [Worker-34: Building] INFO  o.e.m.c.i.embedder.EclipseLogger - skip non existing resourceDirectory /Users/rgq5943/Desktop/Raghav-root/workspace/eclipse/SpringAOP/src/main/resources
2021-10-31 12:33:03,841 [Worker-34: Building] INFO  o.e.m.c.i.embedder.EclipseLogger - Using 'UTF-8' encoding to copy filtered resources.
2021-10-31 12:33:03,841 [Worker-34: Building] INFO  o.e.m.c.i.embedder.EclipseLogger - skip non existing resourceDirectory /Users/rgq5943/Desktop/Raghav-root/workspace/eclipse/SpringAOP/src/test/resources
2021-10-31 12:33:37,721 [Worker-35: Building] INFO  o.e.m.c.i.embedder.EclipseLogger - Using 'UTF-8' encoding to copy filtered resources.
2021-10-31 12:33:37,721 [Worker-35: Building] INFO  o.e.m.c.i.embedder.EclipseLogger - skip non existing resourceDirectory /Users/rgq5943/Desktop/Raghav-root/workspace/eclipse/SpringAOP/src/main/resources
2021-10-31 12:33:37,723 [Worker-35: Building] INFO  o.e.m.c.i.embedder.EclipseLogger - Using 'UTF-8' encoding to copy filtered resources.
2021-10-31 12:33:37,723 [Worker-35: Building] INFO  o.e.m.c.i.embedder.EclipseLogger - skip non existing resourceDirectory /Users/rgq5943/Desktop/Raghav-root/workspace/eclipse/SpringAOP/src/test/resources
2021-10-31 12:42:00,960 [Worker-36: Building] INFO  o.e.m.c.i.embedder.EclipseLogger - Using 'UTF-8' encoding to copy filtered resources.
2021-10-31 12:42:00,960 [Worker-36: Building] INFO  o.e.m.c.i.embedder.EclipseLogger - skip non existing resourceDirectory /Users/rgq5943/Desktop/Raghav-root/workspace/eclipse/SpringAOP/src/main/resources
2021-10-31 12:42:00,961 [Worker-36: Building] INFO  o.e.m.c.i.embedder.EclipseLogger - Using 'UTF-8' encoding to copy filtered resources.
2021-10-31 12:42:00,961 [Worker-36: Building] INFO  o.e.m.c.i.embedder.EclipseLogger - skip non existing resourceDirectory /Users/rgq5943/Desktop/Raghav-root/workspace/eclipse/SpringAOP/src/test/resources
2021-10-31 12:42:12,739 [Worker-28: Building] INFO  o.e.m.c.i.embedder.EclipseLogger - Using 'UTF-8' encoding to copy filtered resources.
2021-10-31 12:42:12,739 [Worker-28: Building] INFO  o.e.m.c.i.embedder.EclipseLogger - skip non existing resourceDirectory /Users/rgq5943/Desktop/Raghav-root/workspace/eclipse/SpringAOP/src/main/resources
2021-10-31 12:42:12,739 [Worker-28: Building] INFO  o.e.m.c.i.embedder.EclipseLogger - Using 'UTF-8' encoding to copy filtered resources.
2021-10-31 12:42:12,739 [Worker-28: Building] INFO  o.e.m.c.i.embedder.EclipseLogger - skip non existing resourceDirectory /Users/rgq5943/Desktop/Raghav-root/workspace/eclipse/SpringAOP/src/test/resources
2021-10-31 12:43:38,246 [Worker-40: Building] INFO  o.e.m.c.i.embedder.EclipseLogger - Using 'UTF-8' encoding to copy filtered resources.
2021-10-31 12:43:38,247 [Worker-40: Building] INFO  o.e.m.c.i.embedder.EclipseLogger - skip non existing resourceDirectory /Users/rgq5943/Desktop/Raghav-root/workspace/eclipse/SpringAOP/src/main/resources
2021-10-31 12:43:38,247 [Worker-40: Building] INFO  o.e.m.c.i.embedder.EclipseLogger - Using 'UTF-8' encoding to copy filtered resources.
2021-10-31 12:43:38,247 [Worker-40: Building] INFO  o.e.m.c.i.embedder.EclipseLogger - skip non existing resourceDirectory /Users/rgq5943/Desktop/Raghav-root/workspace/eclipse/SpringAOP/src/test/resources
2021-11-01 09:31:14,498 [Worker-44: Building] INFO  o.e.m.c.i.embedder.EclipseLogger - Using 'UTF-8' encoding to copy filtered resources.
2021-11-01 09:31:14,501 [Worker-44: Building] INFO  o.e.m.c.i.embedder.EclipseLogger - skip non existing resourceDirectory /Users/rgq5943/Desktop/Raghav-root/workspace/eclipse/SpringAOP/src/main/resources
2021-11-01 09:31:14,502 [Worker-44: Building] INFO  o.e.m.c.i.embedder.EclipseLogger - Using 'UTF-8' encoding to copy filtered resources.
2021-11-01 09:31:14,502 [Worker-44: Building] INFO  o.e.m.c.i.embedder.EclipseLogger - skip non existing resourceDirectory /Users/rgq5943/Desktop/Raghav-root/workspace/eclipse/SpringAOP/src/test/resources
2021-11-13 14:56:55,413 [Worker-0: Loading available Gradle versions] INFO  o.e.b.c.i.u.g.PublishedGradleVersions - Gradle version information cache is out-of-date. Trying to update.
2021-11-13 15:40:00,510 [Worker-34: Building] INFO  o.e.m.c.i.embedder.EclipseLogger - Using 'UTF-8' encoding to copy filtered resources.
2021-11-13 15:40:00,511 [Worker-34: Building] INFO  o.e.m.c.i.embedder.EclipseLogger - skip non existing resourceDirectory /Users/rgq5943/Desktop/Raghav-root/workspace/eclipse/SpringAOP/src/main/resources
2021-11-13 15:40:00,513 [Worker-34: Building] INFO  o.e.m.c.i.embedder.EclipseLogger - Using 'UTF-8' encoding to copy filtered resources.
2021-11-13 15:40:00,513 [Worker-34: Building] INFO  o.e.m.c.i.embedder.EclipseLogger - skip non existing resourceDirectory /Users/rgq5943/Desktop/Raghav-root/workspace/eclipse/SpringAOP/src/test/resources
2021-11-13 15:47:13,529 [Worker-31: Building] INFO  o.e.m.c.i.embedder.EclipseLogger - Using 'UTF-8' encoding to copy filtered resources.
2021-11-13 15:47:13,529 [Worker-31: Building] INFO  o.e.m.c.i.embedder.EclipseLogger - skip non existing resourceDirectory /Users/rgq5943/Desktop/Raghav-root/workspace/eclipse/SpringAOP/src/main/resources
2021-11-13 15:47:13,530 [Worker-31: Building] INFO  o.e.m.c.i.embedder.EclipseLogger - Using 'UTF-8' encoding to copy filtered resources.
2021-11-13 15:47:13,531 [Worker-31: Building] INFO  o.e.m.c.i.embedder.EclipseLogger - skip non existing resourceDirectory /Users/rgq5943/Desktop/Raghav-root/workspace/eclipse/SpringAOP/src/test/resources
2021-11-13 15:47:15,813 [Worker-36: Building] INFO  o.e.m.c.i.embedder.EclipseLogger - Using 'UTF-8' encoding to copy filtered resources.
2021-11-13 15:47:15,813 [Worker-36: Building] INFO  o.e.m.c.i.embedder.EclipseLogger - skip non existing resourceDirectory /Users/rgq5943/Desktop/Raghav-root/workspace/eclipse/SpringAOP/src/main/resources
2021-11-13 15:47:15,815 [Worker-36: Building] INFO  o.e.m.c.i.embedder.EclipseLogger - Using 'UTF-8' encoding to copy filtered resources.
2021-11-13 15:47:15,815 [Worker-36: Building] INFO  o.e.m.c.i.embedder.EclipseLogger - skip non existing resourceDirectory /Users/rgq5943/Desktop/Raghav-root/workspace/eclipse/SpringAOP/src/test/resources
2021-11-13 15:54:01,480 [Worker-36: Building] INFO  o.e.m.c.i.embedder.EclipseLogger - Using 'UTF-8' encoding to copy filtered resources.
2021-11-13 15:54:01,481 [Worker-36: Building] INFO  o.e.m.c.i.embedder.EclipseLogger - skip non existing resourceDirectory /Users/rgq5943/Desktop/Raghav-root/workspace/eclipse/SpringAOP/src/main/resources
2021-11-13 15:54:01,482 [Worker-36: Building] INFO  o.e.m.c.i.embedder.EclipseLogger - Using 'UTF-8' encoding to copy filtered resources.
2021-11-13 15:54:01,482 [Worker-36: Building] INFO  o.e.m.c.i.embedder.EclipseLogger - skip non existing resourceDirectory /Users/rgq5943/Desktop/Raghav-root/workspace/eclipse/SpringAOP/src/test/resources
2021-11-13 15:54:09,160 [Worker-31: Launching App] INFO  o.e.m.c.i.embedder.EclipseLogger - Using 'UTF-8' encoding to copy filtered resources.
2021-11-13 15:54:09,160 [Worker-31: Launching App] INFO  o.e.m.c.i.embedder.EclipseLogger - skip non existing resourceDirectory /Users/rgq5943/Desktop/Raghav-root/workspace/eclipse/SpringAOP/src/main/resources
2021-11-13 15:54:09,161 [Worker-31: Launching App] INFO  o.e.m.c.i.embedder.EclipseLogger - Using 'UTF-8' encoding to copy filtered resources.
2021-11-13 15:54:09,161 [Worker-31: Launching App] INFO  o.e.m.c.i.embedder.EclipseLogger - skip non existing resourceDirectory /Users/rgq5943/Desktop/Raghav-root/workspace/eclipse/SpringAOP/src/test/resources
2021-11-13 15:55:11,711 [Worker-39: Building] INFO  o.e.m.c.i.embedder.EclipseLogger - Using 'UTF-8' encoding to copy filtered resources.
2021-11-13 15:55:11,711 [Worker-39: Building] INFO  o.e.m.c.i.embedder.EclipseLogger - skip non existing resourceDirectory /Users/rgq5943/Desktop/Raghav-root/workspace/eclipse/SpringAOP/src/main/resources
2021-11-13 15:55:11,713 [Worker-39: Building] INFO  o.e.m.c.i.embedder.EclipseLogger - Using 'UTF-8' encoding to copy filtered resources.
2021-11-13 15:55:11,713 [Worker-39: Building] INFO  o.e.m.c.i.embedder.EclipseLogger - skip non existing resourceDirectory /Users/rgq5943/Desktop/Raghav-root/workspace/eclipse/SpringAOP/src/test/resources
2021-11-13 15:56:27,094 [Worker-34: Building] INFO  o.e.m.c.i.embedder.EclipseLogger - Using 'UTF-8' encoding to copy filtered resources.
2021-11-13 15:56:27,094 [Worker-34: Building] INFO  o.e.m.c.i.embedder.EclipseLogger - skip non existing resourceDirectory /Users/rgq5943/Desktop/Raghav-root/workspace/eclipse/SpringAOP/src/main/resources
2021-11-13 15:56:27,095 [Worker-34: Building] INFO  o.e.m.c.i.embedder.EclipseLogger - Using 'UTF-8' encoding to copy filtered resources.
2021-11-13 15:56:27,096 [Worker-34: Building] INFO  o.e.m.c.i.embedder.EclipseLogger - skip non existing resourceDirectory /Users/rgq5943/Desktop/Raghav-root/workspace/eclipse/SpringAOP/src/test/resources
2021-11-13 15:58:17,048 [Worker-36: Building] INFO  o.e.m.c.i.embedder.EclipseLogger - Using 'UTF-8' encoding to copy filtered resources.
2021-11-13 15:58:17,049 [Worker-36: Building] INFO  o.e.m.c.i.embedder.EclipseLogger - skip non existing resourceDirectory /Users/rgq5943/Desktop/Raghav-root/workspace/eclipse/SpringAOP/src/main/resources
2021-11-13 15:58:17,051 [Worker-36: Building] INFO  o.e.m.c.i.embedder.EclipseLogger - Using 'UTF-8' encoding to copy filtered resources.
2021-11-13 15:58:17,051 [Worker-36: Building] INFO  o.e.m.c.i.embedder.EclipseLogger - skip non existing resourceDirectory /Users/rgq5943/Desktop/Raghav-root/workspace/eclipse/SpringAOP/src/test/resources
2021-11-13 15:59:21,904 [Worker-34: Building] INFO  o.e.m.c.i.embedder.EclipseLogger - Using 'UTF-8' encoding to copy filtered resources.
2021-11-13 15:59:21,904 [Worker-34: Building] INFO  o.e.m.c.i.embedder.EclipseLogger - skip non existing resourceDirectory /Users/rgq5943/Desktop/Raghav-root/workspace/eclipse/SpringAOP/src/main/resources
2021-11-13 15:59:21,905 [Worker-34: Building] INFO  o.e.m.c.i.embedder.EclipseLogger - Using 'UTF-8' encoding to copy filtered resources.
2021-11-13 15:59:21,906 [Worker-34: Building] INFO  o.e.m.c.i.embedder.EclipseLogger - skip non existing resourceDirectory /Users/rgq5943/Desktop/Raghav-root/workspace/eclipse/SpringAOP/src/test/resources
